0 info it worked if it ends with ok
1 verbose cli [ '/usr/local/bin/node',
1 verbose cli   '/usr/local/bin/npm',
1 verbose cli   'run',
1 verbose cli   'gulp-styles-watch' ]
2 info using npm@3.10.9
3 info using node@v6.9.2
4 verbose run-script [ 'pregulp-styles-watch',
4 verbose run-script   'gulp-styles-watch',
4 verbose run-script   'postgulp-styles-watch' ]
5 info lifecycle urbanmassage-interview@1.0.0~pregulp-styles-watch: urbanmassage-interview@1.0.0
6 silly lifecycle urbanmassage-interview@1.0.0~pregulp-styles-watch: no script for pregulp-styles-watch, continuing
7 info lifecycle urbanmassage-interview@1.0.0~gulp-styles-watch: urbanmassage-interview@1.0.0
8 verbose lifecycle urbanmassage-interview@1.0.0~gulp-styles-watch: unsafe-perm in lifecycle true
9 verbose lifecycle urbanmassage-interview@1.0.0~gulp-styles-watch: PATH: /usr/local/lib/node_modules/npm/bin/node-gyp-bin:/Users/jamiedavies/Projects/urbanmassage-interview/node_modules/.bin:/usr/local/lib/node_modules/npm/bin/node-gyp-bin:/Users/jamiedavies/Projects/urbanmassage-interview/node_modules/.bin:/Library/Frameworks/Python.framework/Versions/3.4/bin:/usr/local/bin:/usr/bin:/bin:/usr/sbin:/sbin:/usr/local/MacGPG2/bin
10 verbose lifecycle urbanmassage-interview@1.0.0~gulp-styles-watch: CWD: /Users/jamiedavies/Projects/urbanmassage-interview
11 silly lifecycle urbanmassage-interview@1.0.0~gulp-styles-watch: Args: [ '-c', 'gulp styles' ]
12 silly lifecycle urbanmassage-interview@1.0.0~gulp-styles-watch: Returned: code: 1  signal: null
13 info lifecycle urbanmassage-interview@1.0.0~gulp-styles-watch: Failed to exec gulp-styles-watch script
14 verbose stack Error: urbanmassage-interview@1.0.0 gulp-styles-watch: `gulp styles`
14 verbose stack Exit status 1
14 verbose stack     at EventEmitter.<anonymous> (/usr/local/lib/node_modules/npm/lib/utils/lifecycle.js:255:16)
14 verbose stack     at emitTwo (events.js:106:13)
14 verbose stack     at EventEmitter.emit (events.js:191:7)
14 verbose stack     at ChildProcess.<anonymous> (/usr/local/lib/node_modules/npm/lib/utils/spawn.js:40:14)
14 verbose stack     at emitTwo (events.js:106:13)
14 verbose stack     at ChildProcess.emit (events.js:191:7)
14 verbose stack     at maybeClose (internal/child_process.js:877:16)
14 verbose stack     at Process.ChildProcess._handle.onexit (internal/child_process.js:226:5)
15 verbose pkgid urbanmassage-interview@1.0.0
16 verbose cwd /Users/jamiedavies/Projects/urbanmassage-interview
17 error Darwin 16.6.0
18 error argv "/usr/local/bin/node" "/usr/local/bin/npm" "run" "gulp-styles-watch"
19 error node v6.9.2
20 error npm  v3.10.9
21 error code ELIFECYCLE
22 error urbanmassage-interview@1.0.0 gulp-styles-watch: `gulp styles`
22 error Exit status 1
23 error Failed at the urbanmassage-interview@1.0.0 gulp-styles-watch script 'gulp styles'.
23 error Make sure you have the latest version of node.js and npm installed.
23 error If you do, this is most likely a problem with the urbanmassage-interview package,
23 error not with npm itself.
23 error Tell the author that this fails on your system:
23 error     gulp styles
23 error You can get information on how to open an issue for this project with:
23 error     npm bugs urbanmassage-interview
23 error Or if that isn't available, you can get their info via:
23 error     npm owner ls urbanmassage-interview
23 error There is likely additional logging output above.
24 verbose exit [ 1, true ]
